TN:Main_Testa
SF:/Users/chenhui13/github/cpp_lib/lcov/example1/a.cpp
FN:8,_Z3addii
FN:12,_Z5minusii
FNDA:1,_Z3addii
FNDA:0,_Z5minusii
FNF:2
FNH:1
DA:9,1
DA:13,0
LF:2
LH:1
end_of_record
TN:Main_Testa
SF:/Library/Developer/CommandLineTools/usr/include/c++/v1/__locale
FN:196,_ZNSt3__19use_facetINS_5ctypeIcEEEERKT_RKNS_6localeE
FN:611,_ZNKSt3__15ctypeIcE5widenEc
FNDA:1,_ZNSt3__19use_facetINS_5ctypeIcEEEERKT_RKNS_6localeE
FNDA:1,_ZNKSt3__15ctypeIcE5widenEc
FNF:2
FNH:2
DA:198,1
DA:613,1
LF:2
LH:2
end_of_record
SF:/Library/Developer/CommandLineTools/usr/include/c++/v1/ios
FN:749,_ZNKSt3__19basic_iosIcNS_11char_traitsIcEEE5widenEc
FNDA:1,_ZNKSt3__19basic_iosIcNS_11char_traitsIcEEE5widenEc
FNF:1
FNH:1
DA:751,3
DA:752,0
LF:2
LH:1
end_of_record
SF:/Library/Developer/CommandLineTools/usr/include/c++/v1/ostream
FN:196,_ZNSt3__113basic_ostreamIcNS_11char_traitsIcEEElsEPFRS3_S4_E
FN:1001,_ZNSt3__14endlIcNS_11char_traitsIcEEEERNS_13basic_ostreamIT_T0_EES7_
FNDA:1,_ZNSt3__113basic_ostreamIcNS_11char_traitsIcEEElsEPFRS3_S4_E
FNDA:1,_ZNSt3__14endlIcNS_11char_traitsIcEEEERNS_13basic_ostreamIT_T0_EES7_
FNF:2
FNH:2
DA:197,1
DA:1003,1
DA:1004,1
DA:1005,1
LF:4
LH:4
end_of_record
SF:/Users/chenhui13/github/cpp_lib/lcov/example1/testa.cpp
FN:13,main
FNDA:1,main
FNF:1
FNH:1
DA:15,1
DA:17,1
LF:2
LH:2
end_of_record
