        -:    0:Source:main.c
        -:    0:Graph:main.gcno
        -:    0:Data:main.gcda
        -:    0:Runs:1
        -:    0:Programs:1
        -:    1:/*******************************************************************************
        -:    2: *      File Name: main.c                                               
        -:    3: *         Author: Hui Chen. (c) 2020                             
        -:    4: *           Mail: chenhui13@baidu.com                                        
        -:    5: *   Created Time: 2020/02/13-19:58                                    
        -:    6: *	Modified Time: 2020/02/13-19:58                                    
        -:    7: *******************************************************************************/
        -:    8:#include <stdio.h>
        -:    9:#include <stdlib.h>
        -:   10:
        -:   11:void test(int vount);
        -:   12:
        1:   13:int main(int argc, char *argv[])
        -:   14:{
        1:   15:    int i = 0;
        1:   16:    if(argc == 2)
    #####:   17:        i = -1;
        -:   18:    else
        1:   19:        i = 10;
        -:   20:
        1:   21:    printf("arg is %d\n",i);
        -:   22:
        1:   23:    test(i);
        -:   24:
        1:   25:    return EXIT_SUCCESS;
        -:   26:}
