        -:    0:Source:test.c
        -:    0:Graph:test.gcno
        -:    0:Data:test.gcda
        -:    0:Runs:1
        -:    0:Programs:1
        -:    1:/*******************************************************************************
        -:    2: *      File Name: test.c                                               
        -:    3: *         Author: Hui Chen. (c) 2020                             
        -:    4: *           Mail: chenhui13@baidu.com                                        
        -:    5: *   Created Time: 2020/02/13-19:58                                    
        -:    6: *	Modified Time: 2020/02/13-19:58                                    
        -:    7: *******************************************************************************/
        -:    8:#include <stdio.h>
        -:    9:
        1:   10:void test(int count)
        -:   11:{
        1:   12:    if (count == -1)
    #####:   13:        printf ("获取到值为2,%d为-1,测试通道二已通过",count);
        -:   14:    else
        1:   15:        printf ("滴滴滴，测试通道一已通过");
        1:   16:}
